<?xml version="1.0" encoding="UTF-8"?>
<!-- Generated by org.testng.reporters.JUnitXMLReporter -->
<testsuite hostname="DESKTOP-KQUFIDC" ignored="2" name="Test" tests="2" failures="1" timestamp="07 Jul 2020 14:50:45 GMT" time="7.653" errors="0">
  <testcase name="getPageTitleTest" time="0.021" classname="May2020SeleniumSessions.May2020SeleniumSessions.HomePageTest">
    <failure type="java.lang.NullPointerException">
      <![CDATA[java.lang.NullPointerException
at May2020SeleniumSessions.May2020SeleniumSessions.HomePageTest.doLogin(HomePageTest.java:16)
at May2020SeleniumSessions.May2020SeleniumSessions.HomePageTest.getPageTitleTest(HomePageTest.java:11)
at sun.reflect.NativeMethodAccessorImpl.invoke0(Native Method)
at sun.reflect.NativeMethodAccessorImpl.invoke(Unknown Source)
at sun.reflect.DelegatingMethodAccessorImpl.invoke(Unknown Source)
at java.lang.reflect.Method.invoke(Unknown Source)
at org.testng.internal.MethodInvocationHelper.invokeMethod(MethodInvocationHelper.java:124)
at org.testng.internal.Invoker.invokeMethod(Invoker.java:583)
at org.testng.internal.Invoker.invokeTestMethod(Invoker.java:719)
at org.testng.internal.Invoker.invokeTestMethods(Invoker.java:989)
at org.testng.internal.TestMethodWorker.invokeTestMethods(TestMethodWorker.java:125)
at org.testng.internal.TestMethodWorker.run(TestMethodWorker.java:109)
at java.util.concurrent.ThreadPoolExecutor.runWorker(Unknown Source)
at java.util.concurrent.ThreadPoolExecutor$Worker.run(Unknown Source)
at java.lang.Thread.run(Unknown Source)
]]>
    </failure>
  </testcase> <!-- getPageTitleTest -->
  <testcase name="gettitleTest" time="0.036" classname="May2020SeleniumSessions.May2020SeleniumSessions.LoginPageTest"/>
  <testcase name="@AfterTest tearDown" time="0.0" classname="May2020SeleniumSessions.May2020SeleniumSessions.BaseTest">
    <ignored/>
  </testcase> <!-- @AfterTest tearDown -->
  <testcase name="@BeforeTest setUp" time="0.0" classname="May2020SeleniumSessions.May2020SeleniumSessions.BaseTest">
    <ignored/>
  </testcase> <!-- @BeforeTest setUp -->
</testsuite> <!-- Test -->
