<?xml version="1.0" encoding="UTF-8"?>
<testng-results skipped="0" failed="1" ignored="2" total="4" passed="1">
  <reporter-output>
  </reporter-output>
  <suite name="Suite" duration-ms="7653" started-at="2020-07-07T14:50:37Z" finished-at="2020-07-07T14:50:45Z">
    <groups>
    </groups>
    <test name="Test" duration-ms="7653" started-at="2020-07-07T14:50:37Z" finished-at="2020-07-07T14:50:45Z">
      <class name="May2020SeleniumSessions.May2020SeleniumSessions.LoginPageTest">
        <test-method status="PASS" signature="setUp()[pri:0, instance:May2020SeleniumSessions.May2020SeleniumSessions.LoginPageTest@6646153]" name="setUp" is-config="true" duration-ms="6741" started-at="2020-07-07T14:50:37Z" finished-at="2020-07-07T14:50:44Z">
          <reporter-output>
          </reporter-output>
        </test-method> <!-- setUp -->
        <test-method status="PASS" signature="gettitleTest()[pri:0, instance:May2020SeleniumSessions.May2020SeleniumSessions.LoginPageTest@6646153]" name="gettitleTest" duration-ms="36" started-at="2020-07-07T14:50:44Z" finished-at="2020-07-07T14:50:44Z">
          <reporter-output>
          </reporter-output>
        </test-method> <!-- gettitleTest -->
        <test-method status="PASS" signature="tearDown()[pri:0, instance:May2020SeleniumSessions.May2020SeleniumSessions.LoginPageTest@6646153]" name="tearDown" is-config="true" duration-ms="829" started-at="2020-07-07T14:50:44Z" finished-at="2020-07-07T14:50:45Z">
          <reporter-output>
          </reporter-output>
        </test-method> <!-- tearDown -->
      </class> <!-- May2020SeleniumSessions.May2020SeleniumSessions.LoginPageTest -->
      <class name="May2020SeleniumSessions.May2020SeleniumSessions.HomePageTest">
        <test-method status="FAIL" signature="getPageTitleTest()[pri:0, instance:May2020SeleniumSessions.May2020SeleniumSessions.HomePageTest@21507a04]" name="getPageTitleTest" duration-ms="21" started-at="2020-07-07T14:50:44Z" finished-at="2020-07-07T14:50:44Z">
          <exception class="java.lang.NullPointerException">
            <full-stacktrace>
              <![CDATA[java.lang.NullPointerException
at May2020SeleniumSessions.May2020SeleniumSessions.HomePageTest.doLogin(HomePageTest.java:16)
at May2020SeleniumSessions.May2020SeleniumSessions.HomePageTest.getPageTitleTest(HomePageTest.java:11)
at sun.reflect.NativeMethodAccessorImpl.invoke0(Native Method)
at sun.reflect.NativeMethodAccessorImpl.invoke(Unknown Source)
at sun.reflect.DelegatingMethodAccessorImpl.invoke(Unknown Source)
at java.lang.reflect.Method.invoke(Unknown Source)
at org.testng.internal.MethodInvocationHelper.invokeMethod(MethodInvocationHelper.java:124)
at org.testng.internal.Invoker.invokeMethod(Invoker.java:583)
at org.testng.internal.Invoker.invokeTestMethod(Invoker.java:719)
at org.testng.internal.Invoker.invokeTestMethods(Invoker.java:989)
at org.testng.internal.TestMethodWorker.invokeTestMethods(TestMethodWorker.java:125)
at org.testng.internal.TestMethodWorker.run(TestMethodWorker.java:109)
at java.util.concurrent.ThreadPoolExecutor.runWorker(Unknown Source)
at java.util.concurrent.ThreadPoolExecutor$Worker.run(Unknown Source)
at java.lang.Thread.run(Unknown Source)
]]>
            </full-stacktrace>
          </exception> <!-- java.lang.NullPointerException -->
          <reporter-output>
          </reporter-output>
        </test-method> <!-- getPageTitleTest -->
      </class> <!-- May2020SeleniumSessions.May2020SeleniumSessions.HomePageTest -->
    </test> <!-- Test -->
  </suite> <!-- Suite -->
</testng-results>
